<?xml version="1.0" encoding="UTF-8"?>
<testng-results ignored="0" total="1" passed="1" failed="0" skipped="0">
  <reporter-output>
  </reporter-output>
  <suite started-at="2019-03-13T18:36:25Z" name="SauceDemo" finished-at="2019-03-13T18:36:32Z" duration-ms="6176">
    <groups>
    </groups>
    <test started-at="2019-03-13T18:36:25Z" name="Add To Cart Test" finished-at="2019-03-13T18:36:32Z" duration-ms="6176">
      <class name="com.saucedemo.tests.ValidateAddToCartTest">
        <test-method is-config="true" signature="setReportLogging()[pri:0, instance:com.saucedemo.tests.ValidateAddToCartTest@31368b99]" started-at="2019-03-13T18:36:25Z" name="setReportLogging" finished-at="2019-03-13T18:36:26Z" duration-ms="432" status="PASS">
          <reporter-output>
          </reporter-output>
        </test-method> <!-- setReportLogging -->
        <test-method is-config="true" signature="setUp()[pri:0, instance:com.saucedemo.tests.ValidateAddToCartTest@31368b99]" started-at="2019-03-13T18:36:26Z" name="setUp" finished-at="2019-03-13T18:36:28Z" duration-ms="2524" status="PASS">
          <reporter-output>
          </reporter-output>
        </test-method> <!-- setUp -->
        <test-method signature="test_AddToCart()[pri:0, instance:com.saucedemo.tests.ValidateAddToCartTest@31368b99]" started-at="2019-03-13T18:36:28Z" name="test_AddToCart" finished-at="2019-03-13T18:36:31Z" duration-ms="2766" status="PASS">
          <reporter-output>
          </reporter-output>
        </test-method> <!-- test_AddToCart -->
        <test-method is-config="true" signature="getResult(org.testng.ITestResult)[pri:0, instance:com.saucedemo.tests.ValidateAddToCartTest@31368b99]" started-at="2019-03-13T18:36:31Z" name="getResult" finished-at="2019-03-13T18:36:32Z" duration-ms="430" status="PASS">
          <params>
            <param index="0">
              <value>
                <![CDATA[[TestResult name=test_AddToCart status=SUCCESS method=ValidateAddToCartTest.test_AddToCart()[pri:0, instance:com.saucedemo.tests.ValidateAddToCartTest@31368b99] output={null}]]]>
              </value>
            </param>
          </params>
          <reporter-output>
          </reporter-output>
        </test-method> <!-- getResult -->
      </class> <!-- com.saucedemo.tests.ValidateAddToCartTest -->
    </test> <!-- Add To Cart Test -->
  </suite> <!-- SauceDemo -->
</testng-results>
